This is pdfTeX, Version 3.14159265-2.6-1.40.18 (TeX Live 2017) (preloaded format=pdflatex 2017.6.28)  6 OCT 2023 15:13
entering extended mode
 restricted \write18 enabled.
 file:line:error style messages enabled.
 %&-line parsing enabled.
**altacv_VB_academic.cls
(./altacv_VB_academic.cls
LaTeX2e <2017-04-15>
Babel <3.10> and hyphenation patterns for 84 language(s) loaded.

LaTeX Warning: You have requested package `',
               but the package provides `altacv'.

Package: altacv 2017/04/30 AltaCV v1.1.3, yet another alternative class for a r
ésumé/curriculum vitae.

./altacv_VB_academic.cls:17: LaTeX Error: Missing \begin{document}.

See the LaTeX manual or LaTeX Companion for explanation.
Type  H <return>  for immediate help.
 ...                                              
                                                  
l.17 \newif\if@
               academicons
? 
./altacv_VB_academic.cls:17: Emergency stop.
 ...                                              
                                                  
l.17 \newif\if@
               academicons
You're in trouble here.  Try typing  <return>  to proceed.
If that doesn't work, type  X <return>  to quit.

 
Here is how much of TeX's memory you used:
 10 strings out of 492995
 322 string characters out of 6132704
 54074 words of memory out of 5000000
 3661 multiletter control sequences out of 15000+600000
 3640 words of font info for 14 fonts, out of 8000000 for 9000
 1141 hyphenation exceptions out of 8191
 7i,0n,8p,143b,14s stack positions out of 5000i,500n,10000p,200000b,80000s
./altacv_VB_academic.cls:17:  ==> Fatal error occurred, no output PDF file prod
uced!
